06-09 12:04:47 com_github_MitjaNemec_ReplicateLayout.action_replicate_layout 392:Plugin executed on: 'linux'
06-09 12:04:47 com_github_MitjaNemec_ReplicateLayout.action_replicate_layout 393:Plugin executed with python version: '3.12.3 (main, Apr 23 2024, 09:16:07) [GCC 13.2.1 20240417]'
06-09 12:04:47 com_github_MitjaNemec_ReplicateLayout.action_replicate_layout 394:KiCad build version: 8.0.2
06-09 12:04:47 com_github_MitjaNemec_ReplicateLayout.action_replicate_layout 395:Plugin version: 3.0.2
06-09 12:04:47 com_github_MitjaNemec_ReplicateLayout.action_replicate_layout 396:Frame repr: <wx._core.Frame object at 0x7b88f11cdfd0>
06-09 12:04:47 com_github_MitjaNemec_ReplicateLayout.action_replicate_layout 420:Preparing replicator with D2 as a reference
06-09 12:04:47 com_github_MitjaNemec_ReplicateLayout.replicate_layout 117:getting a list of all footprints on board
06-09 12:04:47 com_github_MitjaNemec_ReplicateLayout.action_replicate_layout 468:source anchor footprint is 'D2'
Located on: ['row1', 'square1']
With filenames: ['row.kicad_sch', 'square.kicad_sch']
With sheet_id:['row1', 'square1']
06-09 12:04:47 com_github_MitjaNemec_ReplicateLayout.action_replicate_layout 475:Corresponding footprints are 
[('D2', ['row1', 'square1']), ('D137', ['row4', 'square4']), ('D65', ['row2', 'square4']), ('D56', ['row2', 'square3']), ('D92', ['row3', 'square3']), ('D128', ['row4', 'square3']), ('D20', ['row1', 'square3']), ('D110', ['row4', 'square1']), ('D83', ['row3', 'square2']), ('D29', ['row1', 'square4']), ('D11', ['row1', 'square2']), ('D38', ['row2', 'square1']), ('D74', ['row3', 'square1']), ('D101', ['row3', 'square4']), ('D47', ['row2', 'square2']), ('D119', ['row4', 'square2'])]
06-09 12:04:47 com_github_MitjaNemec_ReplicateLayout.action_replicate_layout 487:Showing dialog
06-09 12:04:47 com_github_MitjaNemec_ReplicateLayout.replicate_layout 462:constructing a list of sheets suitable for replication on level:'square1', file:'square.kicad_sch'
06-09 12:04:47 com_github_MitjaNemec_ReplicateLayout.replicate_layout 499:suitable sheets are:[['row1', 'square2'], ['row1', 'square3'], ['row1', 'square4'], ['row2', 'square1'], ['row2', 'square2'], ['row2', 'square3'], ['row2', 'square4'], ['row3', 'square1'], ['row3', 'square2'], ['row3', 'square3'], ['row3', 'square4'], ['row4', 'square1'], ['row4', 'square2'], ['row4', 'square3'], ['row4', 'square4']]
06-09 12:04:47 com_github_MitjaNemec_ReplicateLayout.replicate_layout 1503:Level selected: ['row1', 'square1']
06-09 12:04:47 com_github_MitjaNemec_ReplicateLayout.replicate_layout 1327:Filtering list of tracks
06-09 12:04:47 com_github_MitjaNemec_ReplicateLayout.action_replicate_layout 493:Toolbar position: wx.Point(3917, 89)
06-09 12:04:47 com_github_MitjaNemec_ReplicateLayout.action_replicate_layout 498:Dialog position: wx.Point(3478, 89)
06-09 12:04:54 com_github_MitjaNemec_ReplicateLayout.action_replicate_layout 321:User canceled the dialog
